0.1 0
0.3 0
0.5 0
0.7 0
0.9 0
1.1 0
1.3 0
1.5 0
1.7 0
1.9 0
2.1 0
2.3 0
2.5 0
2.7 0
2.9 0
3.1 0
3.3 0
3.5 0
3.7 0
3.9 0
4.1 0.000113397
4.3 0.00136601
4.5 0.0114611
4.7 0.0502892
4.9 0.119531
5.1 0.206226
5.3 0.29033
5.5 0.374183
5.7 0.462557
5.9 0.576696
6.1 0.738815
6.3 0.904647
6.5 1.07067
6.7 1.20252
6.9 1.29123
7.1 1.3735
7.3 1.42917
7.5 1.48876
7.7 1.5248
7.9 1.53853
8.1 1.51012
8.3 1.44355
8.5 1.37092
8.7 1.2886
8.9 1.20152
9.1 1.11736
9.3 1.04906
9.5 1.00275
9.7 0.970209
9.9 0.934216
10.1 0.905991
10.3 0.884443
10.5 0.872701
10.7 0.85636
10.9 0.849602
11.1 0.850551
11.3 0.856705
11.5 0.864634
11.7 0.8769
11.9 0.897914
12.1 0.921489
12.3 0.941118
12.5 0.964505
12.7 0.984335
12.9 1.00474
13.1 1.02346
13.3 1.0358
13.5 1.04478
13.7 1.05587
13.9 1.06166
14.1 1.06201
14.3 1.06533
14.5 1.06019
14.7 1.05293
14.9 1.04933
15.1 1.04288
15.3 1.03475
15.5 1.02895
15.7 1.02328
15.9 1.02176
16.1 1.0
