0.1 0
0.3 0
0.5 0
0.7 0
0.9 0
1.1 0
1.3 0
1.5 0
1.7 0
1.9 1.3196e-05
2.1 0
2.3 0
2.5 0
2.7 0
2.9 0
3.1 4.95994e-06
3.3 0
3.5 0
3.7 3.4821e-06
3.9 0.000178649
4.1 0.00230562
4.3 0.0141704
4.5 0.0439775
4.7 0.0999931
4.9 0.203118
5.1 0.349193
5.3 0.479133
5.5 0.560534
5.7 0.635884
5.9 0.749738
6.1 0.886122
6.3 1.00614
6.5 1.07929
6.7 1.1233
6.9 1.15893
7.1 1.20458
7.3 1.26798
7.5 1.31711
7.7 1.34027
7.9 1.33033
8.1 1.2956
8.3 1.26007
8.5 1.23132
8.7 1.21021
8.9 1.18715
9.1 1.16165
9.3 1.13003
9.5 1.09035
9.7 1.05442
9.9 1.02085
10.1 0.99469
10.3 0.971943
10.5 0.945401
10.7 0.926019
10.9 0.907382
11.1 0.894027
11.3 0.886546
11.5 0.888789
11.7 0.897902
11.9 0.916276
12.1 0.93869
12.3 0.959471
12.5 0.978644
12.7 0.997071
12.9 1.00931
13.1 1.01807
13.3 1.02603
13.5 1.03262
13.7 1.03565
13.9 1.03466
14.1 1.03095
14.3 1.02769
14.5 1.02391
14.7 1.01824
14.9 1.01674
15.1 1.01406
15.3 1.01075
15.5 1.00786
15.7 1.00652
15.9 1.00559
16.1 1.0
